This is pdfTeX, Version 3.14159265-2.6-1.40.21 (MiKTeX 20.7) (preloaded format=pdflatex 2020.9.12)  16 OCT 2020 09:23
entering extended mode
**./Doyle_HW4.tex
(Doyle_HW4.tex
LaTeX2e <2020-02-02> patch level 5
L3 programming layer <2020-09-03>
(C:\Users\Donald\AppData\Local\Programs\MiKTeX\tex/latex/koma-script\scrartcl.c
ls
Document Class: scrartcl 2020/07/22 v3.31 KOMA-Script document class (article)

(C:\Users\Donald\AppData\Local\Programs\MiKTeX\tex/latex/koma-script\scrkbase.s
ty
Package: scrkbase 2020/07/22 v3.31 KOMA-Script package (KOMA-Script-dependent b
asics and keyval usage)

(C:\Users\Donald\AppData\Local\Programs\MiKTeX\tex/latex/koma-script\scrbase.st
y
Package: scrbase 2020/07/22 v3.31 KOMA-Script package (KOMA-Script-independent 
basics and keyval usage)
 (C:\Users\Donald\AppData\Local\Programs\MiKTeX\tex/latex/graphics\keyval.sty
Package: keyval 2014/10/28 v1.15 key=value parser (DPC)
\KV@toks@=\toks15
)
(C:\Users\Donald\AppData\Local\Programs\MiKTeX\tex/latex/koma-script\scrlfile.s
ty
Package: scrlfile 2020/07/22 v3.31 KOMA-Script package (loading files)
)))
(C:\Users\Donald\AppData\Local\Programs\MiKTeX\tex/latex/koma-script\tocbasic.s
ty
Package: tocbasic 2020/07/22 v3.31 KOMA-Script package (handling toc-files)
\scr@dte@tocline@numberwidth=\skip47
\scr@dte@tocline@numbox=\box45
)
Package tocbasic Info: babel extension for `toc' omitted
(tocbasic)             because of missing \bbl@set@language on input line 135.
Package scrartcl Info: You've used standard option `12pt'.
(scrartcl)             This is correct!
(scrartcl)             Internally I'm using `fontsize=12pt'.
(scrartcl)             If you'd like to set the option with \KOMAoptions,
(scrartcl)             you'd have to use `fontsize=12pt' there
(scrartcl)             instead of `12pt', too.
 (C:\Users\Donald\AppData\Local\Programs\MiKTeX\tex/latex/base\fleqn.clo
File: fleqn.clo 2016/12/29 v1.2b Standard LaTeX option (flush left equations)
\mathindent=\dimen134
Applying: [2015/01/01] Make \[ robust on input line 50.
LaTeX Info: Redefining \[ on input line 51.
Already applied: [0000/00/00] Make \[ robust on input line 62.
Applying: [2015/01/01] Make \] robust on input line 74.
LaTeX Info: Redefining \] on input line 75.
Already applied: [0000/00/00] Make \] robust on input line 83.
)
Class scrartcl Info: File `scrsize12pt.clo' used to setup font sizes on input l
ine 2221.

(C:\Users\Donald\AppData\Local\Programs\MiKTeX\tex/latex/koma-script\scrsize12p
t.clo
File: scrsize12pt.clo 2020/07/22 v3.31 KOMA-Script font size class option (12pt
)
)
(C:\Users\Donald\AppData\Local\Programs\MiKTeX\tex/latex/koma-script\typearea.s
ty
Package: typearea 2020/07/22 v3.31 KOMA-Script package (type area)
\ta@bcor=\skip48
\ta@div=\count168
\ta@hblk=\skip49
\ta@vblk=\skip50
\ta@temp=\skip51
\footheight=\skip52
Package typearea Info: These are the values describing the layout:
(typearea)             DIV  = 12
(typearea)             BCOR = 0.0pt
(typearea)             \paperwidth      = 597.50793pt
(typearea)              \textwidth      = 448.13095pt
(typearea)              DIV departure   = -6%
(typearea)              \evensidemargin = 2.4185pt
(typearea)              \oddsidemargin  = 2.4185pt
(typearea)             \paperheight     = 845.04694pt
(typearea)              \textheight     = 635.5pt
(typearea)              \topmargin      = -41.72441pt
(typearea)              \headheight     = 18.125pt
(typearea)              \headsep        = 21.75pt
(typearea)              \topskip        = 12.0pt
(typearea)              \footskip       = 50.75pt
(typearea)              \baselineskip   = 14.5pt
(typearea)              on input line 1739.
)
\c@part=\count169
\c@section=\count170
\c@subsection=\count171
\c@subsubsection=\count172
\c@paragraph=\count173
\c@subparagraph=\count174
\scr@dte@section@maxnumwidth=\skip53
Class scrartcl Info: using compatibility default `runin=bysign'
(scrartcl)           for `\section on input line 4794.
Class scrartcl Info: using compatibility default `afterindent=bysign'
(scrartcl)           for `\section on input line 4794.
\scr@dte@part@maxnumwidth=\skip54
Class scrartcl Info: using compatibility default `afterindent=false'
(scrartcl)           for `\part on input line 4802.
\scr@dte@subsection@maxnumwidth=\skip55
Class scrartcl Info: using compatibility default `runin=bysign'
(scrartcl)           for `\subsection on input line 4812.
Class scrartcl Info: using compatibility default `afterindent=bysign'
(scrartcl)           for `\subsection on input line 4812.
\scr@dte@subsubsection@maxnumwidth=\skip56
Class scrartcl Info: using compatibility default `runin=bysign'
(scrartcl)           for `\subsubsection on input line 4822.
Class scrartcl Info: using compatibility default `afterindent=bysign'
(scrartcl)           for `\subsubsection on input line 4822.
\scr@dte@paragraph@maxnumwidth=\skip57
Class scrartcl Info: using compatibility default `runin=bysign'
(scrartcl)           for `\paragraph on input line 4833.
Class scrartcl Info: using compatibility default `afterindent=bysign'
(scrartcl)           for `\paragraph on input line 4833.
\scr@dte@subparagraph@maxnumwidth=\skip58
Class scrartcl Info: using compatibility default `runin=bysign'
(scrartcl)           for `\subparagraph on input line 4843.
Class scrartcl Info: using compatibility default `afterindent=bysign'
(scrartcl)           for `\subparagraph on input line 4843.
\abovecaptionskip=\skip59
\belowcaptionskip=\skip60
\c@pti@nb@sid@b@x=\box46
Package tocbasic Info: babel extension for `lof' omitted
(tocbasic)             because of missing \bbl@set@language on input line 6075.

\scr@dte@figure@maxnumwidth=\skip61
\c@figure=\count175
Package tocbasic Info: babel extension for `lot' omitted
(tocbasic)             because of missing \bbl@set@language on input line 6087.

\scr@dte@table@maxnumwidth=\skip62
\c@table=\count176
Class scrartcl Info: Redefining `\numberline' on input line 6251.
\bibindent=\dimen135
)
(C:\Users\Donald\AppData\Local\Programs\MiKTeX\tex/latex/amsmath\amsmath.sty
Package: amsmath 2020/01/20 v2.17e AMS math features
\@mathmargin=\skip63

For additional information on amsmath, use the `?' option.
(C:\Users\Donald\AppData\Local\Programs\MiKTeX\tex/latex/amsmath\amstext.sty
Package: amstext 2000/06/29 v2.01 AMS text

(C:\Users\Donald\AppData\Local\Programs\MiKTeX\tex/latex/amsmath\amsgen.sty
File: amsgen.sty 1999/11/30 v2.0 generic functions
\@emptytoks=\toks16
\ex@=\dimen136
))
(C:\Users\Donald\AppData\Local\Programs\MiKTeX\tex/latex/amsmath\amsbsy.sty
Package: amsbsy 1999/11/29 v1.2d Bold Symbols
\pmbraise@=\dimen137
)
(C:\Users\Donald\AppData\Local\Programs\MiKTeX\tex/latex/amsmath\amsopn.sty
Package: amsopn 2016/03/08 v2.02 operator names
)
\inf@bad=\count177
LaTeX Info: Redefining \frac on input line 227.
\uproot@=\count178
\leftroot@=\count179
LaTeX Info: Redefining \overline on input line 389.
\classnum@=\count180
\DOTSCASE@=\count181
LaTeX Info: Redefining \ldots on input line 486.
LaTeX Info: Redefining \dots on input line 489.
LaTeX Info: Redefining \cdots on input line 610.
\Mathstrutbox@=\box47
\strutbox@=\box48
\big@size=\dimen138
LaTeX Font Info:    Redeclaring font encoding OML on input line 733.
LaTeX Font Info:    Redeclaring font encoding OMS on input line 734.
\macc@depth=\count182
\c@MaxMatrixCols=\count183
\dotsspace@=\muskip16
\c@parentequation=\count184
\dspbrk@lvl=\count185
\tag@help=\toks17
\row@=\count186
\column@=\count187
\maxfields@=\count188
\andhelp@=\toks18
\eqnshift@=\dimen139
\alignsep@=\dimen140
\tagshift@=\dimen141
\tagwidth@=\dimen142
\totwidth@=\dimen143
\lineht@=\dimen144
\@envbody=\toks19
\multlinegap=\skip64
\multlinetaggap=\skip65
\mathdisplay@stack=\toks20
LaTeX Info: Redefining \[ on input line 2859.
LaTeX Info: Redefining \] on input line 2860.
)

Class scrartcl Warning: Usage of package `fancyhdr' together
(scrartcl)              with a KOMA-Script class is not recommended.
(scrartcl)              I'd suggest to use 
(scrartcl)              package `scrlayer' or `scrlayer-scrpage', because
(scrartcl)              they support KOMA-Script classes.
(scrartcl)              With `fancyhdr' several features of class `scrartcl'
(scrartcl)              like options `headsepline', `footsepline' or command
(scrartcl)              `\MakeMarkcase' and the commands `\setkomafont' and
(scrartcl)              `\addtokomafont' for the page style elements need
(scrartcl)              explicite user intervention to work.
(scrartcl)              Nevertheless, using requested
(scrartcl)              package `fancyhdr' on input line 5.

(C:\Users\Donald\AppData\Local\Programs\MiKTeX\tex/latex/fancyhdr\fancyhdr.sty
Package: fancyhdr 2019/01/31 v3.10 Extensive control of page headers and footer
s
\f@nch@headwidth=\skip66
\f@nch@O@elh=\skip67
\f@nch@O@erh=\skip68
\f@nch@O@olh=\skip69
\f@nch@O@orh=\skip70
\f@nch@O@elf=\skip71
\f@nch@O@erf=\skip72
\f@nch@O@olf=\skip73
\f@nch@O@orf=\skip74
) (C:\Users\Donald\AppData\Local\Programs\MiKTeX\tex/latex/graphics\graphicx.st
y
Package: graphicx 2019/11/30 v1.2a Enhanced LaTeX Graphics (DPC,SPQR)
(C:\Users\Donald\AppData\Local\Programs\MiKTeX\tex/latex/graphics\graphics.sty
Package: graphics 2019/11/30 v1.4a Standard LaTeX Graphics (DPC,SPQR)

(C:\Users\Donald\AppData\Local\Programs\MiKTeX\tex/latex/graphics\trig.sty
Package: trig 2016/01/03 v1.10 sin cos tan (DPC)
)
(C:\Users\Donald\AppData\Local\Programs\MiKTeX\tex/latex/graphics-cfg\graphics.
cfg
File: graphics.cfg 2016/06/04 v1.11 sample graphics configuration
)
Package graphics Info: Driver file: pdftex.def on input line 105.

(C:\Users\Donald\AppData\Local\Programs\MiKTeX\tex/latex/graphics-def\pdftex.de
f
File: pdftex.def 2020/08/26 v1.2 Graphics/color driver for pdftex
))
\Gin@req@height=\dimen145
\Gin@req@width=\dimen146
) (C:\Users\Donald\AppData\Local\Programs\MiKTeX\tex/latex/float\float.sty
Package: float 2001/11/08 v1.3d Float enhancements (AL)
\c@float@type=\count189
\float@exts=\toks21
\float@box=\box49
\@float@everytoks=\toks22
\@floatcapt=\box50
)
(C:\Users\Donald\AppData\Local\Programs\MiKTeX\tex/latex/l3backend\l3backend-pd
ftex.def
File: l3backend-pdftex.def 2020-09-01 L3 backend support: PDF output (pdfTeX)
\l__kernel_color_stack_int=\count190
\l__pdf_internal_box=\box51
) (Doyle_HW4.aux)
\openout1 = `Doyle_HW4.aux'.

LaTeX Font Info:    Checking defaults for OML/cmm/m/it on input line 16.
LaTeX Font Info:    ... okay on input line 16.
LaTeX Font Info:    Checking defaults for OMS/cmsy/m/n on input line 16.
LaTeX Font Info:    ... okay on input line 16.
LaTeX Font Info:    Checking defaults for OT1/cmr/m/n on input line 16.
LaTeX Font Info:    ... okay on input line 16.
LaTeX Font Info:    Checking defaults for T1/cmr/m/n on input line 16.
LaTeX Font Info:    ... okay on input line 16.
LaTeX Font Info:    Checking defaults for TS1/cmr/m/n on input line 16.
LaTeX Font Info:    ... okay on input line 16.
LaTeX Font Info:    Checking defaults for OMX/cmex/m/n on input line 16.
LaTeX Font Info:    ... okay on input line 16.
LaTeX Font Info:    Checking defaults for U/cmr/m/n on input line 16.
LaTeX Font Info:    ... okay on input line 16.
Package scrbase Info: activating english \contentsname on input line 16.
Package scrbase Info: activating english \listfigurename on input line 16.
Package scrbase Info: activating english \listtablename on input line 16.

(C:\Users\Donald\AppData\Local\Programs\MiKTeX\tex/context/base/mkii\supp-pdf.m
kii
[Loading MPS to PDF converter (version 2006.09.02).]
\scratchcounter=\count191
\scratchdimen=\dimen147
\scratchbox=\box52
\nofMPsegments=\count192
\nofMParguments=\count193
\everyMPshowfont=\toks23
\MPscratchCnt=\count194
\MPscratchDim=\dimen148
\MPnumerator=\count195
\makeMPintoPDFobject=\count196
\everyMPtoPDFconversion=\toks24
)
(C:\Users\Donald\AppData\Local\Programs\MiKTeX\tex/latex/epstopdf-pkg\epstopdf-
base.sty
Package: epstopdf-base 2020-01-24 v2.11 Base part for package epstopdf
Package epstopdf-base Info: Redefining graphics rule for `.eps' on input line 4
85.
) [1


{C:/Users/Donald/AppData/Local/MiKTeX/pdftex/config/pdftex.map}]
[2] [3]
<Image_1_hw_4.png, id=15, 278.84175pt x 196.93575pt>
File: Image_1_hw_4.png Graphic file (type png)
<use Image_1_hw_4.png>
Package pdftex.def Info: Image_1_hw_4.png  used on input line 267.
(pdftex.def)             Requested size: 278.84105pt x 196.93524pt.
 [4]
<Image_2_hw_4.png, id=20, 278.2395pt x 196.93575pt>
File: Image_2_hw_4.png Graphic file (type png)
<use Image_2_hw_4.png>
Package pdftex.def Info: Image_2_hw_4.png  used on input line 273.
(pdftex.def)             Requested size: 278.23882pt x 196.93524pt.
<Image_3_hw_4.png, id=21, 275.8305pt x 196.93575pt>
File: Image_3_hw_4.png Graphic file (type png)
<use Image_3_hw_4.png>
Package pdftex.def Info: Image_3_hw_4.png  used on input line 279.
(pdftex.def)             Requested size: 275.82982pt x 196.93524pt.
 [5 <./Image_1_hw_4.png> <./Image_2_hw_4.png>]
<Image_4_hw_4.png, id=27, 266.79675pt x 196.93575pt>
File: Image_4_hw_4.png Graphic file (type png)
<use Image_4_hw_4.png>
Package pdftex.def Info: Image_4_hw_4.png  used on input line 285.
(pdftex.def)             Requested size: 266.79608pt x 196.93524pt.
<Image_5_hw_4.png, id=28, 275.22826pt x 196.93575pt>
File: Image_5_hw_4.png Graphic file (type png)
<use Image_5_hw_4.png>
Package pdftex.def Info: Image_5_hw_4.png  used on input line 291.
(pdftex.def)             Requested size: 275.22758pt x 196.93524pt.
 [6 <./Image_3_hw_4.png> <./Image_4_hw_4.png>]
<Image_6_hw_4.png, id=34, 276.43275pt x 196.93575pt>
File: Image_6_hw_4.png Graphic file (type png)
<use Image_6_hw_4.png>
Package pdftex.def Info: Image_6_hw_4.png  used on input line 297.
(pdftex.def)             Requested size: 276.43207pt x 196.93524pt.
<Image_7_hw_4.png, id=35, 278.84175pt x 196.3335pt>
File: Image_7_hw_4.png Graphic file (type png)
<use Image_7_hw_4.png>
Package pdftex.def Info: Image_7_hw_4.png  used on input line 303.
(pdftex.def)             Requested size: 278.84105pt x 196.33301pt.
 [7 <./Image_5_hw_4.png> <./Image_6_hw_4.png>]
<Image_8_hw_4.png, id=42, 275.8305pt x 197.538pt>
File: Image_8_hw_4.png Graphic file (type png)
<use Image_8_hw_4.png>
Package pdftex.def Info: Image_8_hw_4.png  used on input line 309.
(pdftex.def)             Requested size: 275.82982pt x 197.5375pt.
<Image_9_hw_4.png, id=43, 274.02374pt x 194.52675pt>
File: Image_9_hw_4.png Graphic file (type png)
<use Image_9_hw_4.png>
Package pdftex.def Info: Image_9_hw_4.png  used on input line 315.
(pdftex.def)             Requested size: 274.02307pt x 194.52626pt.
 [8 <./Image_7_hw_4.png> <./Image_8_hw_4.png>]
<Image_10_hw_4.png, id=49, 293.898pt x 195.73125pt>
File: Image_10_hw_4.png Graphic file (type png)
<use Image_10_hw_4.png>
Package pdftex.def Info: Image_10_hw_4.png  used on input line 321.
(pdftex.def)             Requested size: 293.89726pt x 195.73076pt.
<Image_11_hw_4.png, id=50, 278.84175pt x 195.129pt>
File: Image_11_hw_4.png Graphic file (type png)
<use Image_11_hw_4.png>
Package pdftex.def Info: Image_11_hw_4.png  used on input line 327.
(pdftex.def)             Requested size: 278.84105pt x 195.12851pt.
 [9 <./Image_9_hw_4.png> <./Image_10_hw_4.png>]
<Image_12_hw_4.png, id=56, 274.02374pt x 194.52675pt>
File: Image_12_hw_4.png Graphic file (type png)
<use Image_12_hw_4.png>
Package pdftex.def Info: Image_12_hw_4.png  used on input line 333.
(pdftex.def)             Requested size: 274.02307pt x 194.52626pt.
<Image_13_hw_4.png, id=57, 278.2395pt x 197.538pt>
File: Image_13_hw_4.png Graphic file (type png)
<use Image_13_hw_4.png>
Package pdftex.def Info: Image_13_hw_4.png  used on input line 339.
(pdftex.def)             Requested size: 278.23882pt x 197.5375pt.
 [10 <./Image_11_hw_4.png> <./Image_12_hw_4.png>]
<Image_14_hw_4.png, id=63, 277.035pt x 197.538pt>
File: Image_14_hw_4.png Graphic file (type png)
<use Image_14_hw_4.png>
Package pdftex.def Info: Image_14_hw_4.png  used on input line 347.
(pdftex.def)             Requested size: 277.03432pt x 197.5375pt.
<Image_15_hw_4.png, id=64, 274.626pt x 196.3335pt>
File: Image_15_hw_4.png Graphic file (type png)
<use Image_15_hw_4.png>
Package pdftex.def Info: Image_15_hw_4.png  used on input line 353.
(pdftex.def)             Requested size: 274.62532pt x 196.33301pt.
 [11 <./Image_13_hw_4.png> <./Image_14_hw_4.png>]
<Image_16_hw_4.png, id=70, 274.626pt x 197.538pt>
File: Image_16_hw_4.png Graphic file (type png)
<use Image_16_hw_4.png>
Package pdftex.def Info: Image_16_hw_4.png  used on input line 359.
(pdftex.def)             Requested size: 274.62532pt x 197.5375pt.
<Image_17_hw_4.png, id=71, 291.489pt x 205.9695pt>
File: Image_17_hw_4.png Graphic file (type png)
<use Image_17_hw_4.png>
Package pdftex.def Info: Image_17_hw_4.png  used on input line 366.
(pdftex.def)             Requested size: 291.48828pt x 205.96898pt.
 [12 <./Image_15_hw_4.png> <./Image_16_hw_4.png>]
[13 <./Image_17_hw_4.png>] (Doyle_HW4.aux) ) 
Here is how much of TeX's memory you used:
 4700 strings out of 481199
 89769 string characters out of 2905126
 458911 words of memory out of 3000000
 20295 multiletter control sequences out of 15000+200000
 542023 words of font info for 53 fonts, out of 3000000 for 9000
 1141 hyphenation exceptions out of 8191
 42i,10n,53p,10606b,270s stack positions out of 5000i,500n,10000p,200000b,50000s
<C:/Users/Donald/AppData/Local/Prog
rams/MiKTeX/fonts/type1/public/amsfonts/cm/cmr10.pfb><C:/Users/Donald/AppData/L
ocal/Programs/MiKTeX/fonts/type1/public/amsfonts/cm/cmr12.pfb><C:/Users/Donald/
AppData/Local/Programs/MiKTeX/fonts/type1/public/amsfonts/cm/cmr17.pfb><C:/User
s/Donald/AppData/Local/Programs/MiKTeX/fonts/type1/public/amsfonts/cm/cmssbx10.
pfb>
Output written on Doyle_HW4.pdf (13 pages, 457050 bytes).
PDF statistics:
 96 PDF objects out of 1000 (max. 8388607)
 0 named destinations out of 1000 (max. 500000)
 86 words of extra memory for PDF output out of 10000 (max. 10000000)

